C:\USERS\BRZEZ\DESKTOP\KNIGHT ONLINE 2.0 SRC V1\SCRIPTING\DEBUG\LGC.OBJ
C:\USERS\BRZEZ\DESKTOP\KNIGHT ONLINE 2.0 SRC V1\SCRIPTING\DEBUG\LINIT.OBJ
C:\USERS\BRZEZ\DESKTOP\KNIGHT ONLINE 2.0 SRC V1\SCRIPTING\DEBUG\LIOLIB.OBJ
C:\USERS\BRZEZ\DESKTOP\KNIGHT ONLINE 2.0 SRC V1\SCRIPTING\DEBUG\LLEX.OBJ
C:\USERS\BRZEZ\DESKTOP\KNIGHT ONLINE 2.0 SRC V1\SCRIPTING\DEBUG\LMATHLIB.OBJ
C:\USERS\BRZEZ\DESKTOP\KNIGHT ONLINE 2.0 SRC V1\SCRIPTING\DEBUG\LMEM.OBJ
C:\USERS\BRZEZ\DESKTOP\KNIGHT ONLINE 2.0 SRC V1\SCRIPTING\DEBUG\LOADLIB.OBJ
C:\USERS\BRZEZ\DESKTOP\KNIGHT ONLINE 2.0 SRC V1\SCRIPTING\DEBUG\LOBJECT.OBJ
C:\USERS\BRZEZ\DESKTOP\KNIGHT ONLINE 2.0 SRC V1\SCRIPTING\DEBUG\LOPCODES.OBJ
C:\USERS\BRZEZ\DESKTOP\KNIGHT ONLINE 2.0 SRC V1\SCRIPTING\DEBUG\LOSLIB.OBJ
C:\USERS\BRZEZ\DESKTOP\KNIGHT ONLINE 2.0 SRC V1\SCRIPTING\DEBUG\LPARSER.OBJ
C:\USERS\BRZEZ\DESKTOP\KNIGHT ONLINE 2.0 SRC V1\SCRIPTING\DEBUG\LSTATE.OBJ
C:\USERS\BRZEZ\DESKTOP\KNIGHT ONLINE 2.0 SRC V1\SCRIPTING\DEBUG\LSTRING.OBJ
C:\USERS\BRZEZ\DESKTOP\KNIGHT ONLINE 2.0 SRC V1\SCRIPTING\DEBUG\LSTRLIB.OBJ
C:\USERS\BRZEZ\DESKTOP\KNIGHT ONLINE 2.0 SRC V1\SCRIPTING\DEBUG\LTABLE.OBJ
C:\USERS\BRZEZ\DESKTOP\KNIGHT ONLINE 2.0 SRC V1\SCRIPTING\DEBUG\LTABLIB.OBJ
C:\USERS\BRZEZ\DESKTOP\KNIGHT ONLINE 2.0 SRC V1\SCRIPTING\DEBUG\LTM.OBJ
C:\USERS\BRZEZ\DESKTOP\KNIGHT ONLINE 2.0 SRC V1\SCRIPTING\DEBUG\LUNDUMP.OBJ
C:\USERS\BRZEZ\DESKTOP\KNIGHT ONLINE 2.0 SRC V1\SCRIPTING\DEBUG\LVM.OBJ
C:\USERS\BRZEZ\DESKTOP\KNIGHT ONLINE 2.0 SRC V1\SCRIPTING\DEBUG\LZIO.OBJ
C:\USERS\BRZEZ\DESKTOP\KNIGHT ONLINE 2.0 SRC V1\SCRIPTING\DEBUG\LAPI.OBJ
C:\USERS\BRZEZ\DESKTOP\KNIGHT ONLINE 2.0 SRC V1\SCRIPTING\DEBUG\LAUXLIB.OBJ
C:\USERS\BRZEZ\DESKTOP\KNIGHT ONLINE 2.0 SRC V1\SCRIPTING\DEBUG\LBASELIB.OBJ
C:\USERS\BRZEZ\DESKTOP\KNIGHT ONLINE 2.0 SRC V1\SCRIPTING\DEBUG\LBITLIB.OBJ
C:\USERS\BRZEZ\DESKTOP\KNIGHT ONLINE 2.0 SRC V1\SCRIPTING\DEBUG\LCODE.OBJ
C:\USERS\BRZEZ\DESKTOP\KNIGHT ONLINE 2.0 SRC V1\SCRIPTING\DEBUG\LCOROLIB.OBJ
C:\USERS\BRZEZ\DESKTOP\KNIGHT ONLINE 2.0 SRC V1\SCRIPTING\DEBUG\LCTYPE.OBJ
C:\USERS\BRZEZ\DESKTOP\KNIGHT ONLINE 2.0 SRC V1\SCRIPTING\DEBUG\LDBLIB.OBJ
C:\USERS\BRZEZ\DESKTOP\KNIGHT ONLINE 2.0 SRC V1\SCRIPTING\DEBUG\LDEBUG.OBJ
C:\USERS\BRZEZ\DESKTOP\KNIGHT ONLINE 2.0 SRC V1\SCRIPTING\DEBUG\LDO.OBJ
C:\USERS\BRZEZ\DESKTOP\KNIGHT ONLINE 2.0 SRC V1\SCRIPTING\DEBUG\LDUMP.OBJ
C:\USERS\BRZEZ\DESKTOP\KNIGHT ONLINE 2.0 SRC V1\SCRIPTING\DEBUG\LFUNC.OBJ
C:\USERS\BRZEZ\DESKTOP\KNIGHT ONLINE 2.0 SRC V1\SCRIPTING\DEBUG\VC110.PDB
C:\USERS\BRZEZ\DESKTOP\LEGENDS KNIGHT ONLINE\SOURCE CODE\SCRIPTING\DEBUG\LGC.OBJ
C:\USERS\BRZEZ\DESKTOP\LEGENDS KNIGHT ONLINE\SOURCE CODE\SCRIPTING\DEBUG\LINIT.OBJ
C:\USERS\BRZEZ\DESKTOP\LEGENDS KNIGHT ONLINE\SOURCE CODE\SCRIPTING\DEBUG\LIOLIB.OBJ
C:\USERS\BRZEZ\DESKTOP\LEGENDS KNIGHT ONLINE\SOURCE CODE\SCRIPTING\DEBUG\LLEX.OBJ
C:\USERS\BRZEZ\DESKTOP\LEGENDS KNIGHT ONLINE\SOURCE CODE\SCRIPTING\DEBUG\LMATHLIB.OBJ
C:\USERS\BRZEZ\DESKTOP\LEGENDS KNIGHT ONLINE\SOURCE CODE\SCRIPTING\DEBUG\LMEM.OBJ
C:\USERS\BRZEZ\DESKTOP\LEGENDS KNIGHT ONLINE\SOURCE CODE\SCRIPTING\DEBUG\LOADLIB.OBJ
C:\USERS\BRZEZ\DESKTOP\LEGENDS KNIGHT ONLINE\SOURCE CODE\SCRIPTING\DEBUG\LOBJECT.OBJ
C:\USERS\BRZEZ\DESKTOP\LEGENDS KNIGHT ONLINE\SOURCE CODE\SCRIPTING\DEBUG\LOPCODES.OBJ
C:\USERS\BRZEZ\DESKTOP\LEGENDS KNIGHT ONLINE\SOURCE CODE\SCRIPTING\DEBUG\LOSLIB.OBJ
C:\USERS\BRZEZ\DESKTOP\LEGENDS KNIGHT ONLINE\SOURCE CODE\SCRIPTING\DEBUG\LPARSER.OBJ
C:\USERS\BRZEZ\DESKTOP\LEGENDS KNIGHT ONLINE\SOURCE CODE\SCRIPTING\DEBUG\LSTATE.OBJ
C:\USERS\BRZEZ\DESKTOP\LEGENDS KNIGHT ONLINE\SOURCE CODE\SCRIPTING\DEBUG\LSTRING.OBJ
C:\USERS\BRZEZ\DESKTOP\LEGENDS KNIGHT ONLINE\SOURCE CODE\SCRIPTING\DEBUG\LSTRLIB.OBJ
C:\USERS\BRZEZ\DESKTOP\LEGENDS KNIGHT ONLINE\SOURCE CODE\SCRIPTING\DEBUG\LTABLE.OBJ
C:\USERS\BRZEZ\DESKTOP\LEGENDS KNIGHT ONLINE\SOURCE CODE\SCRIPTING\DEBUG\LTABLIB.OBJ
C:\USERS\BRZEZ\DESKTOP\LEGENDS KNIGHT ONLINE\SOURCE CODE\SCRIPTING\DEBUG\LTM.OBJ
C:\USERS\BRZEZ\DESKTOP\LEGENDS KNIGHT ONLINE\SOURCE CODE\SCRIPTING\DEBUG\LUNDUMP.OBJ
C:\USERS\BRZEZ\DESKTOP\LEGENDS KNIGHT ONLINE\SOURCE CODE\SCRIPTING\DEBUG\LVM.OBJ
C:\USERS\BRZEZ\DESKTOP\LEGENDS KNIGHT ONLINE\SOURCE CODE\SCRIPTING\DEBUG\LZIO.OBJ
C:\USERS\BRZEZ\DESKTOP\LEGENDS KNIGHT ONLINE\SOURCE CODE\SCRIPTING\DEBUG\LAPI.OBJ
C:\USERS\BRZEZ\DESKTOP\LEGENDS KNIGHT ONLINE\SOURCE CODE\SCRIPTING\DEBUG\LAUXLIB.OBJ
C:\USERS\BRZEZ\DESKTOP\LEGENDS KNIGHT ONLINE\SOURCE CODE\SCRIPTING\DEBUG\LBASELIB.OBJ
C:\USERS\BRZEZ\DESKTOP\LEGENDS KNIGHT ONLINE\SOURCE CODE\SCRIPTING\DEBUG\LBITLIB.OBJ
C:\USERS\BRZEZ\DESKTOP\LEGENDS KNIGHT ONLINE\SOURCE CODE\SCRIPTING\DEBUG\LCODE.OBJ
C:\USERS\BRZEZ\DESKTOP\LEGENDS KNIGHT ONLINE\SOURCE CODE\SCRIPTING\DEBUG\LCOROLIB.OBJ
C:\USERS\BRZEZ\DESKTOP\LEGENDS KNIGHT ONLINE\SOURCE CODE\SCRIPTING\DEBUG\LCTYPE.OBJ
C:\USERS\BRZEZ\DESKTOP\LEGENDS KNIGHT ONLINE\SOURCE CODE\SCRIPTING\DEBUG\LDBLIB.OBJ
C:\USERS\BRZEZ\DESKTOP\LEGENDS KNIGHT ONLINE\SOURCE CODE\SCRIPTING\DEBUG\LDEBUG.OBJ
C:\USERS\BRZEZ\DESKTOP\LEGENDS KNIGHT ONLINE\SOURCE CODE\SCRIPTING\DEBUG\LDO.OBJ
C:\USERS\BRZEZ\DESKTOP\LEGENDS KNIGHT ONLINE\SOURCE CODE\SCRIPTING\DEBUG\LDUMP.OBJ
C:\USERS\BRZEZ\DESKTOP\LEGENDS KNIGHT ONLINE\SOURCE CODE\SCRIPTING\DEBUG\LFUNC.OBJ
C:\USERS\BRZEZ\DESKTOP\LEGENDS KNIGHT ONLINE\SOURCE CODE\SCRIPTING\DEBUG\VC110.PDB
C:\USERS\BRZEZ\DESKTOP\BIN\DEBUG\LUA.LIB
C:\USERS\BRZEZ\DESKTOP\LEGENDS KNIGHT ONLINE\SERVER FILES\LUA.LIB
C:\Users\brzez\Desktop\Legends Knight Online\Source Code\Scripting\Debug\lapi.obj
C:\Users\brzez\Desktop\Legends Knight Online\Source Code\Scripting\Debug\lauxlib.obj
C:\Users\brzez\Desktop\Legends Knight Online\Source Code\Scripting\Debug\lbaselib.obj
C:\Users\brzez\Desktop\Legends Knight Online\Source Code\Scripting\Debug\lbitlib.obj
C:\Users\brzez\Desktop\Legends Knight Online\Source Code\Scripting\Debug\lcode.obj
C:\Users\brzez\Desktop\Legends Knight Online\Source Code\Scripting\Debug\lcorolib.obj
C:\Users\brzez\Desktop\Legends Knight Online\Source Code\Scripting\Debug\lctype.obj
C:\Users\brzez\Desktop\Legends Knight Online\Source Code\Scripting\Debug\ldblib.obj
C:\Users\brzez\Desktop\Legends Knight Online\Source Code\Scripting\Debug\ldebug.obj
C:\Users\brzez\Desktop\Legends Knight Online\Source Code\Scripting\Debug\ldo.obj
C:\Users\brzez\Desktop\Legends Knight Online\Source Code\Scripting\Debug\ldump.obj
C:\Users\brzez\Desktop\Legends Knight Online\Source Code\Scripting\Debug\lfunc.obj
C:\Users\brzez\Desktop\Legends Knight Online\Source Code\Scripting\Debug\lgc.obj
C:\Users\brzez\Desktop\Legends Knight Online\Source Code\Scripting\Debug\linit.obj
C:\Users\brzez\Desktop\Legends Knight Online\Source Code\Scripting\Debug\liolib.obj
C:\Users\brzez\Desktop\Legends Knight Online\Source Code\Scripting\Debug\llex.obj
C:\Users\brzez\Desktop\Legends Knight Online\Source Code\Scripting\Debug\lmathlib.obj
C:\Users\brzez\Desktop\Legends Knight Online\Source Code\Scripting\Debug\lmem.obj
C:\Users\brzez\Desktop\Legends Knight Online\Source Code\Scripting\Debug\loadlib.obj
C:\Users\brzez\Desktop\Legends Knight Online\Source Code\Scripting\Debug\lobject.obj
C:\Users\brzez\Desktop\Legends Knight Online\Source Code\Scripting\Debug\lopcodes.obj
C:\Users\brzez\Desktop\Legends Knight Online\Source Code\Scripting\Debug\loslib.obj
C:\Users\brzez\Desktop\Legends Knight Online\Source Code\Scripting\Debug\lparser.obj
C:\Users\brzez\Desktop\Legends Knight Online\Source Code\Scripting\Debug\lstate.obj
C:\Users\brzez\Desktop\Legends Knight Online\Source Code\Scripting\Debug\lstring.obj
C:\Users\brzez\Desktop\Legends Knight Online\Source Code\Scripting\Debug\lstrlib.obj
C:\Users\brzez\Desktop\Legends Knight Online\Source Code\Scripting\Debug\ltable.obj
C:\Users\brzez\Desktop\Legends Knight Online\Source Code\Scripting\Debug\ltablib.obj
C:\Users\brzez\Desktop\Legends Knight Online\Source Code\Scripting\Debug\ltm.obj
C:\Users\brzez\Desktop\Legends Knight Online\Source Code\Scripting\Debug\lundump.obj
C:\Users\brzez\Desktop\Legends Knight Online\Source Code\Scripting\Debug\lvm.obj
C:\Users\brzez\Desktop\Legends Knight Online\Source Code\Scripting\Debug\lzio.obj
C:\Users\brzez\Desktop\Legends Knight Online\Source Code\Scripting\Debug\cl.command.1.tlog
C:\Users\brzez\Desktop\Legends Knight Online\Source Code\Scripting\Debug\CL.read.1.tlog
C:\Users\brzez\Desktop\Legends Knight Online\Source Code\Scripting\Debug\CL.write.1.tlog
C:\Users\brzez\Desktop\Legends Knight Online\Source Code\Scripting\Debug\Lib-link.read.1.tlog
C:\Users\brzez\Desktop\Legends Knight Online\Source Code\Scripting\Debug\Lib-link.write.1.tlog
C:\Users\brzez\Desktop\Legends Knight Online\Source Code\Scripting\Debug\lib.command.1.tlog
C:\Users\brzez\Desktop\Legends Knight Online\Source Code\Scripting\Debug\vc110.idb
C:\Users\brzez\Desktop\Legends Knight Online\Source Code\Scripting\Debug\vc110.pdb
C:\Users\brzez\Desktop\Legends Knight Online\Source Code\..\Server Files\Lua.lib
