C:\USERS\BRZEZ\DESKTOP\KNIGHT ONLINE 2.0 SRC V1\GAMESERVER\DEBUG\GAMESERVER.PCH
C:\USERS\BRZEZ\DESKTOP\KNIGHT ONLINE 2.0 SRC V1\GAMESERVER\DEBUG\STDAFX.OBJ
C:\USERS\BRZEZ\DESKTOP\KNIGHT ONLINE 2.0 SRC V1\GAMESERVER\DEBUG\VC110.PDB
C:\USERS\BRZEZ\DESKTOP\KNIGHT ONLINE 2.0 SRC V1\GAMESERVER\DEBUG\N3SHAPEMGR.OBJ
C:\USERS\BRZEZ\DESKTOP\KNIGHT ONLINE 2.0 SRC V1\GAMESERVER\DEBUG\LUA_BINDINGS.OBJ
C:\USERS\BRZEZ\DESKTOP\KNIGHT ONLINE 2.0 SRC V1\GAMESERVER\DEBUG\MAGICINSTANCE.OBJ
C:\USERS\BRZEZ\DESKTOP\KNIGHT ONLINE 2.0 SRC V1\GAMESERVER\DEBUG\MAGICPROCESS.OBJ
C:\USERS\BRZEZ\DESKTOP\KNIGHT ONLINE 2.0 SRC V1\GAMESERVER\DEBUG\MAIN.OBJ
C:\USERS\BRZEZ\DESKTOP\KNIGHT ONLINE 2.0 SRC V1\GAMESERVER\DEBUG\MAP.OBJ
C:\USERS\BRZEZ\DESKTOP\KNIGHT ONLINE 2.0 SRC V1\GAMESERVER\DEBUG\MERCHANTHANDLER.OBJ
C:\USERS\BRZEZ\DESKTOP\KNIGHT ONLINE 2.0 SRC V1\GAMESERVER\DEBUG\NPC.OBJ
C:\USERS\BRZEZ\DESKTOP\KNIGHT ONLINE 2.0 SRC V1\GAMESERVER\DEBUG\NPCHANDLER.OBJ
C:\USERS\BRZEZ\DESKTOP\KNIGHT ONLINE 2.0 SRC V1\GAMESERVER\DEBUG\CHARACTERHANDLER.OBJ
C:\USERS\BRZEZ\DESKTOP\KNIGHT ONLINE 2.0 SRC V1\GAMESERVER\DEBUG\PARTYHANDLER.OBJ
C:\USERS\BRZEZ\DESKTOP\KNIGHT ONLINE 2.0 SRC V1\GAMESERVER\DEBUG\QUESTHANDLER.OBJ
C:\USERS\BRZEZ\DESKTOP\KNIGHT ONLINE 2.0 SRC V1\GAMESERVER\DEBUG\REGION.OBJ
C:\USERS\BRZEZ\DESKTOP\KNIGHT ONLINE 2.0 SRC V1\GAMESERVER\DEBUG\RENTALHANDLER.OBJ
C:\USERS\BRZEZ\DESKTOP\KNIGHT ONLINE 2.0 SRC V1\GAMESERVER\DEBUG\LOADSERVERDATA.OBJ
C:\USERS\BRZEZ\DESKTOP\KNIGHT ONLINE 2.0 SRC V1\GAMESERVER\DEBUG\SEALHANDLER.OBJ
C:\USERS\BRZEZ\DESKTOP\KNIGHT ONLINE 2.0 SRC V1\GAMESERVER\DEBUG\SHOPPINGMALLHANDLER.OBJ
C:\USERS\BRZEZ\DESKTOP\KNIGHT ONLINE 2.0 SRC V1\GAMESERVER\DEBUG\TRADEHANDLER.OBJ
C:\USERS\BRZEZ\DESKTOP\KNIGHT ONLINE 2.0 SRC V1\GAMESERVER\DEBUG\UNIT.OBJ
C:\USERS\BRZEZ\DESKTOP\KNIGHT ONLINE 2.0 SRC V1\GAMESERVER\DEBUG\UPGRADEHANDLER.OBJ
C:\USERS\BRZEZ\DESKTOP\KNIGHT ONLINE 2.0 SRC V1\GAMESERVER\DEBUG\USER.OBJ
C:\USERS\BRZEZ\DESKTOP\KNIGHT ONLINE 2.0 SRC V1\GAMESERVER\DEBUG\AISOCKET.OBJ
C:\USERS\BRZEZ\DESKTOP\KNIGHT ONLINE 2.0 SRC V1\GAMESERVER\DEBUG\ARENAHANDLER.OBJ
C:\USERS\BRZEZ\DESKTOP\KNIGHT ONLINE 2.0 SRC V1\GAMESERVER\DEBUG\ATTACKHANDLER.OBJ
C:\USERS\BRZEZ\DESKTOP\KNIGHT ONLINE 2.0 SRC V1\GAMESERVER\DEBUG\CHARACTERSELECTIONHANDLER.OBJ
C:\USERS\BRZEZ\DESKTOP\KNIGHT ONLINE 2.0 SRC V1\GAMESERVER\DEBUG\CHARACTERMOVEMENTHANDLER.OBJ
C:\USERS\BRZEZ\DESKTOP\KNIGHT ONLINE 2.0 SRC V1\GAMESERVER\DEBUG\CHATHANDLER.OBJ
C:\USERS\BRZEZ\DESKTOP\KNIGHT ONLINE 2.0 SRC V1\GAMESERVER\DEBUG\CONSOLEINPUTTHREAD.OBJ
C:\USERS\BRZEZ\DESKTOP\KNIGHT ONLINE 2.0 SRC V1\GAMESERVER\DEBUG\DATABASETHREAD.OBJ
C:\USERS\BRZEZ\DESKTOP\KNIGHT ONLINE 2.0 SRC V1\GAMESERVER\DEBUG\DBAGENT.OBJ
C:\USERS\BRZEZ\DESKTOP\KNIGHT ONLINE 2.0 SRC V1\GAMESERVER\DEBUG\GAMESERVERDLG.OBJ
C:\USERS\BRZEZ\DESKTOP\KNIGHT ONLINE 2.0 SRC V1\GAMESERVER\DEBUG\EVENTHANDLER.OBJ
C:\USERS\BRZEZ\DESKTOP\KNIGHT ONLINE 2.0 SRC V1\GAMESERVER\DEBUG\FRIENDHANDLER.OBJ
C:\USERS\BRZEZ\DESKTOP\KNIGHT ONLINE 2.0 SRC V1\GAMESERVER\DEBUG\GAMEEVENT.OBJ
C:\USERS\BRZEZ\DESKTOP\KNIGHT ONLINE 2.0 SRC V1\GAMESERVER\DEBUG\ITEMHANDLER.OBJ
C:\USERS\BRZEZ\DESKTOP\KNIGHT ONLINE 2.0 SRC V1\GAMESERVER\DEBUG\KINGSYSTEM.OBJ
C:\USERS\BRZEZ\DESKTOP\KNIGHT ONLINE 2.0 SRC V1\GAMESERVER\DEBUG\KNIGHTS.OBJ
C:\USERS\BRZEZ\DESKTOP\KNIGHT ONLINE 2.0 SRC V1\GAMESERVER\DEBUG\KNIGHTSMANAGER.OBJ
C:\USERS\BRZEZ\DESKTOP\KNIGHT ONLINE 2.0 SRC V1\GAMESERVER\DEBUG\LETTERHANDLER.OBJ
C:\USERS\BRZEZ\DESKTOP\KNIGHT ONLINE 2.0 SRC V1\GAMESERVER\DEBUG\LOGINHANDLER.OBJ
C:\USERS\BRZEZ\DESKTOP\KNIGHT ONLINE 2.0 SRC V1\GAMESERVER\DEBUG\LUAENGINE.OBJ
C:\USERS\BRZEZ\DESKTOP\LEGENDS KNIGHT ONLINE\SOURCE CODE\GAMESERVER\DEBUG\GAMESERVER.PCH
C:\USERS\BRZEZ\DESKTOP\LEGENDS KNIGHT ONLINE\SOURCE CODE\GAMESERVER\DEBUG\STDAFX.OBJ
C:\USERS\BRZEZ\DESKTOP\LEGENDS KNIGHT ONLINE\SOURCE CODE\GAMESERVER\DEBUG\VC110.PDB
C:\USERS\BRZEZ\DESKTOP\LEGENDS KNIGHT ONLINE\SOURCE CODE\GAMESERVER\DEBUG\N3SHAPEMGR.OBJ
C:\USERS\BRZEZ\DESKTOP\LEGENDS KNIGHT ONLINE\SOURCE CODE\GAMESERVER\DEBUG\LUA_BINDINGS.OBJ
C:\USERS\BRZEZ\DESKTOP\LEGENDS KNIGHT ONLINE\SOURCE CODE\GAMESERVER\DEBUG\MAGICINSTANCE.OBJ
C:\USERS\BRZEZ\DESKTOP\LEGENDS KNIGHT ONLINE\SOURCE CODE\GAMESERVER\DEBUG\MAGICPROCESS.OBJ
C:\USERS\BRZEZ\DESKTOP\LEGENDS KNIGHT ONLINE\SOURCE CODE\GAMESERVER\DEBUG\MAIN.OBJ
C:\USERS\BRZEZ\DESKTOP\LEGENDS KNIGHT ONLINE\SOURCE CODE\GAMESERVER\DEBUG\MAP.OBJ
C:\USERS\BRZEZ\DESKTOP\LEGENDS KNIGHT ONLINE\SOURCE CODE\GAMESERVER\DEBUG\MERCHANTHANDLER.OBJ
C:\USERS\BRZEZ\DESKTOP\LEGENDS KNIGHT ONLINE\SOURCE CODE\GAMESERVER\DEBUG\NPC.OBJ
C:\USERS\BRZEZ\DESKTOP\LEGENDS KNIGHT ONLINE\SOURCE CODE\GAMESERVER\DEBUG\NPCHANDLER.OBJ
C:\USERS\BRZEZ\DESKTOP\LEGENDS KNIGHT ONLINE\SOURCE CODE\GAMESERVER\DEBUG\CHARACTERHANDLER.OBJ
C:\USERS\BRZEZ\DESKTOP\LEGENDS KNIGHT ONLINE\SOURCE CODE\GAMESERVER\DEBUG\PARTYHANDLER.OBJ
C:\USERS\BRZEZ\DESKTOP\LEGENDS KNIGHT ONLINE\SOURCE CODE\GAMESERVER\DEBUG\QUESTHANDLER.OBJ
C:\USERS\BRZEZ\DESKTOP\LEGENDS KNIGHT ONLINE\SOURCE CODE\GAMESERVER\DEBUG\REGION.OBJ
C:\USERS\BRZEZ\DESKTOP\LEGENDS KNIGHT ONLINE\SOURCE CODE\GAMESERVER\DEBUG\RENTALHANDLER.OBJ
C:\USERS\BRZEZ\DESKTOP\LEGENDS KNIGHT ONLINE\SOURCE CODE\GAMESERVER\DEBUG\LOADSERVERDATA.OBJ
C:\USERS\BRZEZ\DESKTOP\LEGENDS KNIGHT ONLINE\SOURCE CODE\GAMESERVER\DEBUG\SEALHANDLER.OBJ
C:\USERS\BRZEZ\DESKTOP\LEGENDS KNIGHT ONLINE\SOURCE CODE\GAMESERVER\DEBUG\SHOPPINGMALLHANDLER.OBJ
C:\USERS\BRZEZ\DESKTOP\LEGENDS KNIGHT ONLINE\SOURCE CODE\GAMESERVER\DEBUG\TRADEHANDLER.OBJ
C:\USERS\BRZEZ\DESKTOP\LEGENDS KNIGHT ONLINE\SOURCE CODE\GAMESERVER\DEBUG\UNIT.OBJ
C:\USERS\BRZEZ\DESKTOP\LEGENDS KNIGHT ONLINE\SOURCE CODE\GAMESERVER\DEBUG\UPGRADEHANDLER.OBJ
C:\USERS\BRZEZ\DESKTOP\LEGENDS KNIGHT ONLINE\SOURCE CODE\GAMESERVER\DEBUG\USER.OBJ
C:\USERS\BRZEZ\DESKTOP\LEGENDS KNIGHT ONLINE\SOURCE CODE\GAMESERVER\DEBUG\AISOCKET.OBJ
C:\USERS\BRZEZ\DESKTOP\LEGENDS KNIGHT ONLINE\SOURCE CODE\GAMESERVER\DEBUG\ARENAHANDLER.OBJ
C:\USERS\BRZEZ\DESKTOP\LEGENDS KNIGHT ONLINE\SOURCE CODE\GAMESERVER\DEBUG\ATTACKHANDLER.OBJ
C:\USERS\BRZEZ\DESKTOP\LEGENDS KNIGHT ONLINE\SOURCE CODE\GAMESERVER\DEBUG\CHARACTERSELECTIONHANDLER.OBJ
C:\USERS\BRZEZ\DESKTOP\LEGENDS KNIGHT ONLINE\SOURCE CODE\GAMESERVER\DEBUG\CHARACTERMOVEMENTHANDLER.OBJ
C:\USERS\BRZEZ\DESKTOP\LEGENDS KNIGHT ONLINE\SOURCE CODE\GAMESERVER\DEBUG\CHATHANDLER.OBJ
C:\USERS\BRZEZ\DESKTOP\LEGENDS KNIGHT ONLINE\SOURCE CODE\GAMESERVER\DEBUG\CONSOLEINPUTTHREAD.OBJ
C:\USERS\BRZEZ\DESKTOP\LEGENDS KNIGHT ONLINE\SOURCE CODE\GAMESERVER\DEBUG\DATABASETHREAD.OBJ
C:\USERS\BRZEZ\DESKTOP\LEGENDS KNIGHT ONLINE\SOURCE CODE\GAMESERVER\DEBUG\DBAGENT.OBJ
C:\USERS\BRZEZ\DESKTOP\LEGENDS KNIGHT ONLINE\SOURCE CODE\GAMESERVER\DEBUG\GAMESERVERDLG.OBJ
C:\USERS\BRZEZ\DESKTOP\LEGENDS KNIGHT ONLINE\SOURCE CODE\GAMESERVER\DEBUG\EVENTHANDLER.OBJ
C:\USERS\BRZEZ\DESKTOP\LEGENDS KNIGHT ONLINE\SOURCE CODE\GAMESERVER\DEBUG\FRIENDHANDLER.OBJ
C:\USERS\BRZEZ\DESKTOP\LEGENDS KNIGHT ONLINE\SOURCE CODE\GAMESERVER\DEBUG\GAMEEVENT.OBJ
C:\USERS\BRZEZ\DESKTOP\LEGENDS KNIGHT ONLINE\SOURCE CODE\GAMESERVER\DEBUG\ITEMHANDLER.OBJ
C:\USERS\BRZEZ\DESKTOP\LEGENDS KNIGHT ONLINE\SOURCE CODE\GAMESERVER\DEBUG\KINGSYSTEM.OBJ
C:\USERS\BRZEZ\DESKTOP\LEGENDS KNIGHT ONLINE\SOURCE CODE\GAMESERVER\DEBUG\KNIGHTS.OBJ
C:\USERS\BRZEZ\DESKTOP\LEGENDS KNIGHT ONLINE\SOURCE CODE\GAMESERVER\DEBUG\KNIGHTSMANAGER.OBJ
C:\USERS\BRZEZ\DESKTOP\LEGENDS KNIGHT ONLINE\SOURCE CODE\GAMESERVER\DEBUG\LETTERHANDLER.OBJ
C:\USERS\BRZEZ\DESKTOP\LEGENDS KNIGHT ONLINE\SOURCE CODE\GAMESERVER\DEBUG\LOGINHANDLER.OBJ
C:\USERS\BRZEZ\DESKTOP\LEGENDS KNIGHT ONLINE\SOURCE CODE\GAMESERVER\DEBUG\LUAENGINE.OBJ
C:\USERS\BRZEZ\DESKTOP\BIN\DEBUG\GAMESERVER.ILK
C:\USERS\BRZEZ\DESKTOP\BIN\DEBUG\GAMESERVER.EXE
C:\USERS\BRZEZ\DESKTOP\BIN\DEBUG\GAMESERVER.PDB
C:\USERS\BRZEZ\DESKTOP\LEGENDS KNIGHT ONLINE\SERVER FILES\GAMESERVER.ILK
C:\USERS\BRZEZ\DESKTOP\LEGENDS KNIGHT ONLINE\SERVER FILES\GAMESERVER.EXE
C:\USERS\BRZEZ\DESKTOP\LEGENDS KNIGHT ONLINE\SERVER FILES\GAMESERVER.PDB
C:\USERS\BRZEZ\DESKTOP\KNIGHT ONLINE 2.0 SRC V1\GAMESERVER\DEBUG\GAMESERVER.RES
C:\USERS\BRZEZ\DESKTOP\LEGENDS KNIGHT ONLINE\SOURCE CODE\GAMESERVER\DEBUG\GAMESERVER.RES
C:\Users\brzez\Desktop\Legends Knight Online\Source Code\GameServer\Debug\AISocket.obj
C:\Users\brzez\Desktop\Legends Knight Online\Source Code\GameServer\Debug\ArenaHandler.obj
C:\Users\brzez\Desktop\Legends Knight Online\Source Code\GameServer\Debug\AttackHandler.obj
C:\Users\brzez\Desktop\Legends Knight Online\Source Code\GameServer\Debug\CharacterHandler.obj
C:\Users\brzez\Desktop\Legends Knight Online\Source Code\GameServer\Debug\CharacterMovementHandler.obj
C:\Users\brzez\Desktop\Legends Knight Online\Source Code\GameServer\Debug\CharacterSelectionHandler.obj
C:\Users\brzez\Desktop\Legends Knight Online\Source Code\GameServer\Debug\ChatHandler.obj
C:\Users\brzez\Desktop\Legends Knight Online\Source Code\GameServer\Debug\ConsoleInputThread.obj
C:\Users\brzez\Desktop\Legends Knight Online\Source Code\GameServer\Debug\DatabaseThread.obj
C:\Users\brzez\Desktop\Legends Knight Online\Source Code\GameServer\Debug\DBAgent.obj
C:\Users\brzez\Desktop\Legends Knight Online\Source Code\GameServer\Debug\EventHandler.obj
C:\Users\brzez\Desktop\Legends Knight Online\Source Code\GameServer\Debug\FriendHandler.obj
C:\Users\brzez\Desktop\Legends Knight Online\Source Code\GameServer\Debug\GameEvent.obj
C:\Users\brzez\Desktop\Legends Knight Online\Source Code\GameServer\Debug\GameServerDlg.obj
C:\Users\brzez\Desktop\Legends Knight Online\Source Code\GameServer\Debug\ItemHandler.obj
C:\Users\brzez\Desktop\Legends Knight Online\Source Code\GameServer\Debug\KingSystem.obj
C:\Users\brzez\Desktop\Legends Knight Online\Source Code\GameServer\Debug\Knights.obj
C:\Users\brzez\Desktop\Legends Knight Online\Source Code\GameServer\Debug\KnightsManager.obj
C:\Users\brzez\Desktop\Legends Knight Online\Source Code\GameServer\Debug\LetterHandler.obj
C:\Users\brzez\Desktop\Legends Knight Online\Source Code\GameServer\Debug\LoadServerData.obj
C:\Users\brzez\Desktop\Legends Knight Online\Source Code\GameServer\Debug\LoginHandler.obj
C:\Users\brzez\Desktop\Legends Knight Online\Source Code\GameServer\Debug\LuaEngine.obj
C:\Users\brzez\Desktop\Legends Knight Online\Source Code\GameServer\Debug\lua_bindings.obj
C:\Users\brzez\Desktop\Legends Knight Online\Source Code\GameServer\Debug\MagicInstance.obj
C:\Users\brzez\Desktop\Legends Knight Online\Source Code\GameServer\Debug\MagicProcess.obj
C:\Users\brzez\Desktop\Legends Knight Online\Source Code\GameServer\Debug\main.obj
C:\Users\brzez\Desktop\Legends Knight Online\Source Code\GameServer\Debug\Map.obj
C:\Users\brzez\Desktop\Legends Knight Online\Source Code\GameServer\Debug\MerchantHandler.obj
C:\Users\brzez\Desktop\Legends Knight Online\Source Code\GameServer\Debug\N3ShapeMgr.obj
C:\Users\brzez\Desktop\Legends Knight Online\Source Code\GameServer\Debug\Npc.obj
C:\Users\brzez\Desktop\Legends Knight Online\Source Code\GameServer\Debug\NPCHandler.obj
C:\Users\brzez\Desktop\Legends Knight Online\Source Code\GameServer\Debug\PartyHandler.obj
C:\Users\brzez\Desktop\Legends Knight Online\Source Code\GameServer\Debug\QuestHandler.obj
C:\Users\brzez\Desktop\Legends Knight Online\Source Code\GameServer\Debug\Region.obj
C:\Users\brzez\Desktop\Legends Knight Online\Source Code\GameServer\Debug\RentalHandler.obj
C:\Users\brzez\Desktop\Legends Knight Online\Source Code\GameServer\Debug\SealHandler.obj
C:\Users\brzez\Desktop\Legends Knight Online\Source Code\GameServer\Debug\ShoppingMallHandler.obj
C:\Users\brzez\Desktop\Legends Knight Online\Source Code\GameServer\Debug\StdAfx.obj
C:\Users\brzez\Desktop\Legends Knight Online\Source Code\GameServer\Debug\TradeHandler.obj
C:\Users\brzez\Desktop\Legends Knight Online\Source Code\GameServer\Debug\Unit.obj
C:\Users\brzez\Desktop\Legends Knight Online\Source Code\GameServer\Debug\UpgradeHandler.obj
C:\Users\brzez\Desktop\Legends Knight Online\Source Code\GameServer\Debug\User.obj
C:\Users\brzez\Desktop\Legends Knight Online\Source Code\GameServer\Debug\cl.command.1.tlog
C:\Users\brzez\Desktop\Legends Knight Online\Source Code\GameServer\Debug\CL.read.1.tlog
C:\Users\brzez\Desktop\Legends Knight Online\Source Code\GameServer\Debug\CL.write.1.tlog
C:\Users\brzez\Desktop\Legends Knight Online\Source Code\GameServer\Debug\link-cvtres.read.1.tlog
C:\Users\brzez\Desktop\Legends Knight Online\Source Code\GameServer\Debug\link-cvtres.write.1.tlog
C:\Users\brzez\Desktop\Legends Knight Online\Source Code\GameServer\Debug\link-rc.read.1.tlog
C:\Users\brzez\Desktop\Legends Knight Online\Source Code\GameServer\Debug\link-rc.write.1.tlog
C:\Users\brzez\Desktop\Legends Knight Online\Source Code\GameServer\Debug\link.command.1.tlog
C:\Users\brzez\Desktop\Legends Knight Online\Source Code\GameServer\Debug\link.read.1.tlog
C:\Users\brzez\Desktop\Legends Knight Online\Source Code\GameServer\Debug\link.read.2.tlog
C:\Users\brzez\Desktop\Legends Knight Online\Source Code\GameServer\Debug\link.write.1.tlog
C:\Users\brzez\Desktop\Legends Knight Online\Source Code\GameServer\Debug\rc.command.1.tlog
C:\Users\brzez\Desktop\Legends Knight Online\Source Code\GameServer\Debug\rc.read.1.tlog
C:\Users\brzez\Desktop\Legends Knight Online\Source Code\GameServer\Debug\rc.write.1.tlog
C:\Users\brzez\Desktop\Legends Knight Online\Source Code\GameServer\Debug\GameServer.res
C:\Users\brzez\Desktop\Legends Knight Online\Source Code\GameServer\Debug\GameServer.pch
C:\Users\brzez\Desktop\Legends Knight Online\Source Code\GameServer\Debug\vc110.idb
C:\Users\brzez\Desktop\Legends Knight Online\Source Code\GameServer\Debug\vc110.pdb
C:\Users\brzez\Desktop\Legends Knight Online\Source Code\..\Server Files\GameServer.pdb
C:\Users\brzez\Desktop\Legends Knight Online\Source Code\..\Server Files\GameServer.exe
C:\Users\brzez\Desktop\Legends Knight Online\Source Code\..\Server Files\GameServer.ilk
