C:\USERS\BRZEZ\DESKTOP\KNIGHT ONLINE 2.0 SRC V1\SHARED\DEBUG\SHARED.PCH
C:\USERS\BRZEZ\DESKTOP\KNIGHT ONLINE 2.0 SRC V1\SHARED\DEBUG\STDAFX.OBJ
C:\USERS\BRZEZ\DESKTOP\KNIGHT ONLINE 2.0 SRC V1\SHARED\DEBUG\VC110.PDB
C:\USERS\BRZEZ\DESKTOP\KNIGHT ONLINE 2.0 SRC V1\SHARED\DEBUG\CIRCULARBUFFER.OBJ
C:\USERS\BRZEZ\DESKTOP\KNIGHT ONLINE 2.0 SRC V1\SHARED\DEBUG\CONDITION.OBJ
C:\USERS\BRZEZ\DESKTOP\KNIGHT ONLINE 2.0 SRC V1\SHARED\DEBUG\ODBCCOMMAND.OBJ
C:\USERS\BRZEZ\DESKTOP\KNIGHT ONLINE 2.0 SRC V1\SHARED\DEBUG\ODBCCONNECTION.OBJ
C:\USERS\BRZEZ\DESKTOP\KNIGHT ONLINE 2.0 SRC V1\SHARED\DEBUG\ODBCPARAMETER.OBJ
C:\USERS\BRZEZ\DESKTOP\KNIGHT ONLINE 2.0 SRC V1\SHARED\DEBUG\ODBCRECORDSET.OBJ
C:\USERS\BRZEZ\DESKTOP\KNIGHT ONLINE 2.0 SRC V1\SHARED\DEBUG\GLOBALS.OBJ
C:\USERS\BRZEZ\DESKTOP\KNIGHT ONLINE 2.0 SRC V1\SHARED\DEBUG\HARDWAREINFORMATION.OBJ
C:\USERS\BRZEZ\DESKTOP\KNIGHT ONLINE 2.0 SRC V1\SHARED\DEBUG\JVCRYPTION.OBJ
C:\USERS\BRZEZ\DESKTOP\KNIGHT ONLINE 2.0 SRC V1\SHARED\DEBUG\KOSOCKET.OBJ
C:\USERS\BRZEZ\DESKTOP\KNIGHT ONLINE 2.0 SRC V1\SHARED\DEBUG\REFERENCEOBJECT.OBJ
C:\USERS\BRZEZ\DESKTOP\KNIGHT ONLINE 2.0 SRC V1\SHARED\DEBUG\RWLOCK.OBJ
C:\USERS\BRZEZ\DESKTOP\KNIGHT ONLINE 2.0 SRC V1\SHARED\DEBUG\SIGNAL_HANDLER.OBJ
C:\USERS\BRZEZ\DESKTOP\KNIGHT ONLINE 2.0 SRC V1\SHARED\DEBUG\SOCKET.OBJ
C:\USERS\BRZEZ\DESKTOP\KNIGHT ONLINE 2.0 SRC V1\SHARED\DEBUG\SOCKETMGR.OBJ
C:\USERS\BRZEZ\DESKTOP\KNIGHT ONLINE 2.0 SRC V1\SHARED\DEBUG\SOCKETOPSWIN32.OBJ
C:\USERS\BRZEZ\DESKTOP\KNIGHT ONLINE 2.0 SRC V1\SHARED\DEBUG\SOCKETWIN32.OBJ
C:\USERS\BRZEZ\DESKTOP\KNIGHT ONLINE 2.0 SRC V1\SHARED\DEBUG\THREAD.OBJ
C:\USERS\BRZEZ\DESKTOP\KNIGHT ONLINE 2.0 SRC V1\SHARED\DEBUG\TSTRING.OBJ
C:\USERS\BRZEZ\DESKTOP\KNIGHT ONLINE 2.0 SRC V1\SHARED\DEBUG\CRC32.OBJ
C:\USERS\BRZEZ\DESKTOP\KNIGHT ONLINE 2.0 SRC V1\SHARED\DEBUG\LZF.OBJ
C:\USERS\BRZEZ\DESKTOP\KNIGHT ONLINE 2.0 SRC V1\SHARED\DEBUG\DEBUGUTILS.OBJ
C:\USERS\BRZEZ\DESKTOP\KNIGHT ONLINE 2.0 SRC V1\SHARED\DEBUG\INI.OBJ
C:\USERS\BRZEZ\DESKTOP\KNIGHT ONLINE 2.0 SRC V1\SHARED\DEBUG\SMDFILE.OBJ
C:\USERS\BRZEZ\DESKTOP\KNIGHT ONLINE 2.0 SRC V1\SHARED\DEBUG\TIMETHREAD.OBJ
C:\USERS\BRZEZ\DESKTOP\LEGENDS KNIGHT ONLINE\SOURCE CODE\SHARED\DEBUG\SHARED.PCH
C:\USERS\BRZEZ\DESKTOP\LEGENDS KNIGHT ONLINE\SOURCE CODE\SHARED\DEBUG\STDAFX.OBJ
C:\USERS\BRZEZ\DESKTOP\LEGENDS KNIGHT ONLINE\SOURCE CODE\SHARED\DEBUG\VC110.PDB
C:\USERS\BRZEZ\DESKTOP\LEGENDS KNIGHT ONLINE\SOURCE CODE\SHARED\DEBUG\CIRCULARBUFFER.OBJ
C:\USERS\BRZEZ\DESKTOP\LEGENDS KNIGHT ONLINE\SOURCE CODE\SHARED\DEBUG\CONDITION.OBJ
C:\USERS\BRZEZ\DESKTOP\LEGENDS KNIGHT ONLINE\SOURCE CODE\SHARED\DEBUG\ODBCCOMMAND.OBJ
C:\USERS\BRZEZ\DESKTOP\LEGENDS KNIGHT ONLINE\SOURCE CODE\SHARED\DEBUG\ODBCCONNECTION.OBJ
C:\USERS\BRZEZ\DESKTOP\LEGENDS KNIGHT ONLINE\SOURCE CODE\SHARED\DEBUG\ODBCPARAMETER.OBJ
C:\USERS\BRZEZ\DESKTOP\LEGENDS KNIGHT ONLINE\SOURCE CODE\SHARED\DEBUG\ODBCRECORDSET.OBJ
C:\USERS\BRZEZ\DESKTOP\LEGENDS KNIGHT ONLINE\SOURCE CODE\SHARED\DEBUG\GLOBALS.OBJ
C:\USERS\BRZEZ\DESKTOP\LEGENDS KNIGHT ONLINE\SOURCE CODE\SHARED\DEBUG\HARDWAREINFORMATION.OBJ
C:\USERS\BRZEZ\DESKTOP\LEGENDS KNIGHT ONLINE\SOURCE CODE\SHARED\DEBUG\JVCRYPTION.OBJ
C:\USERS\BRZEZ\DESKTOP\LEGENDS KNIGHT ONLINE\SOURCE CODE\SHARED\DEBUG\KOSOCKET.OBJ
C:\USERS\BRZEZ\DESKTOP\LEGENDS KNIGHT ONLINE\SOURCE CODE\SHARED\DEBUG\REFERENCEOBJECT.OBJ
C:\USERS\BRZEZ\DESKTOP\LEGENDS KNIGHT ONLINE\SOURCE CODE\SHARED\DEBUG\RWLOCK.OBJ
C:\USERS\BRZEZ\DESKTOP\LEGENDS KNIGHT ONLINE\SOURCE CODE\SHARED\DEBUG\SIGNAL_HANDLER.OBJ
C:\USERS\BRZEZ\DESKTOP\LEGENDS KNIGHT ONLINE\SOURCE CODE\SHARED\DEBUG\SOCKET.OBJ
C:\USERS\BRZEZ\DESKTOP\LEGENDS KNIGHT ONLINE\SOURCE CODE\SHARED\DEBUG\SOCKETMGR.OBJ
C:\USERS\BRZEZ\DESKTOP\LEGENDS KNIGHT ONLINE\SOURCE CODE\SHARED\DEBUG\SOCKETOPSWIN32.OBJ
C:\USERS\BRZEZ\DESKTOP\LEGENDS KNIGHT ONLINE\SOURCE CODE\SHARED\DEBUG\SOCKETWIN32.OBJ
C:\USERS\BRZEZ\DESKTOP\LEGENDS KNIGHT ONLINE\SOURCE CODE\SHARED\DEBUG\THREAD.OBJ
C:\USERS\BRZEZ\DESKTOP\LEGENDS KNIGHT ONLINE\SOURCE CODE\SHARED\DEBUG\TSTRING.OBJ
C:\USERS\BRZEZ\DESKTOP\LEGENDS KNIGHT ONLINE\SOURCE CODE\SHARED\DEBUG\CRC32.OBJ
C:\USERS\BRZEZ\DESKTOP\LEGENDS KNIGHT ONLINE\SOURCE CODE\SHARED\DEBUG\LZF.OBJ
C:\USERS\BRZEZ\DESKTOP\LEGENDS KNIGHT ONLINE\SOURCE CODE\SHARED\DEBUG\DEBUGUTILS.OBJ
C:\USERS\BRZEZ\DESKTOP\LEGENDS KNIGHT ONLINE\SOURCE CODE\SHARED\DEBUG\INI.OBJ
C:\USERS\BRZEZ\DESKTOP\LEGENDS KNIGHT ONLINE\SOURCE CODE\SHARED\DEBUG\SMDFILE.OBJ
C:\USERS\BRZEZ\DESKTOP\LEGENDS KNIGHT ONLINE\SOURCE CODE\SHARED\DEBUG\TIMETHREAD.OBJ
C:\USERS\BRZEZ\DESKTOP\BIN\DEBUG\SHARED.LIB
C:\USERS\BRZEZ\DESKTOP\LEGENDS KNIGHT ONLINE\SERVER FILES\SHARED.LIB
C:\Users\brzez\Desktop\Legends Knight Online\Source Code\shared\Debug\CircularBuffer.obj
C:\Users\brzez\Desktop\Legends Knight Online\Source Code\shared\Debug\Condition.obj
C:\Users\brzez\Desktop\Legends Knight Online\Source Code\shared\Debug\crc32.obj
C:\Users\brzez\Desktop\Legends Knight Online\Source Code\shared\Debug\DebugUtils.obj
C:\Users\brzez\Desktop\Legends Knight Online\Source Code\shared\Debug\globals.obj
C:\Users\brzez\Desktop\Legends Knight Online\Source Code\shared\Debug\HardwareInformation.obj
C:\Users\brzez\Desktop\Legends Knight Online\Source Code\shared\Debug\Ini.obj
C:\Users\brzez\Desktop\Legends Knight Online\Source Code\shared\Debug\JvCryption.obj
C:\Users\brzez\Desktop\Legends Knight Online\Source Code\shared\Debug\KOSocket.obj
C:\Users\brzez\Desktop\Legends Knight Online\Source Code\shared\Debug\lzf.obj
C:\Users\brzez\Desktop\Legends Knight Online\Source Code\shared\Debug\OdbcCommand.obj
C:\Users\brzez\Desktop\Legends Knight Online\Source Code\shared\Debug\OdbcConnection.obj
C:\Users\brzez\Desktop\Legends Knight Online\Source Code\shared\Debug\OdbcParameter.obj
C:\Users\brzez\Desktop\Legends Knight Online\Source Code\shared\Debug\OdbcRecordset.obj
C:\Users\brzez\Desktop\Legends Knight Online\Source Code\shared\Debug\ReferenceObject.obj
C:\Users\brzez\Desktop\Legends Knight Online\Source Code\shared\Debug\RWLock.obj
C:\Users\brzez\Desktop\Legends Knight Online\Source Code\shared\Debug\signal_handler.obj
C:\Users\brzez\Desktop\Legends Knight Online\Source Code\shared\Debug\SMDFile.obj
C:\Users\brzez\Desktop\Legends Knight Online\Source Code\shared\Debug\Socket.obj
C:\Users\brzez\Desktop\Legends Knight Online\Source Code\shared\Debug\SocketMgr.obj
C:\Users\brzez\Desktop\Legends Knight Online\Source Code\shared\Debug\SocketOpsWin32.obj
C:\Users\brzez\Desktop\Legends Knight Online\Source Code\shared\Debug\SocketWin32.obj
C:\Users\brzez\Desktop\Legends Knight Online\Source Code\shared\Debug\stdafx.obj
C:\Users\brzez\Desktop\Legends Knight Online\Source Code\shared\Debug\Thread.obj
C:\Users\brzez\Desktop\Legends Knight Online\Source Code\shared\Debug\TimeThread.obj
C:\Users\brzez\Desktop\Legends Knight Online\Source Code\shared\Debug\tstring.obj
C:\Users\brzez\Desktop\Legends Knight Online\Source Code\shared\Debug\cl.command.1.tlog
C:\Users\brzez\Desktop\Legends Knight Online\Source Code\shared\Debug\CL.read.1.tlog
C:\Users\brzez\Desktop\Legends Knight Online\Source Code\shared\Debug\CL.write.1.tlog
C:\Users\brzez\Desktop\Legends Knight Online\Source Code\shared\Debug\Lib-link.read.1.tlog
C:\Users\brzez\Desktop\Legends Knight Online\Source Code\shared\Debug\Lib-link.write.1.tlog
C:\Users\brzez\Desktop\Legends Knight Online\Source Code\shared\Debug\lib.command.1.tlog
C:\Users\brzez\Desktop\Legends Knight Online\Source Code\shared\Debug\shared.pch
C:\Users\brzez\Desktop\Legends Knight Online\Source Code\shared\Debug\vc110.idb
C:\Users\brzez\Desktop\Legends Knight Online\Source Code\shared\Debug\vc110.pdb
C:\Users\brzez\Desktop\Legends Knight Online\Source Code\..\Server Files\shared.lib
